[
  {
    "level": "INFO",
    "message": "android.ndkVersion from module build.gradle is not set"
  },
  {
    "level": "INFO",
    "message": "ndk.dir in local.properties is not set"
  },
  {
    "level": "INFO",
    "message": "ANDROID_NDK_HOME environment variable is E:\\Sdk\\ndk\\"
  },
  {
    "level": "INFO",
    "message": "sdkFolder is C:\\LocalE\\Sdk"
  },
  {
    "level": "WARN",
    "message": "Support for ANDROID_NDK_HOME is deprecated and will be removed in the future. Use android.ndkVersion in build.gradle instead."
  },
  {
    "level": "INFO",
    "message": "Considering E:\\Sdk\\ndk by ANDROID_NDK_HOME"
  },
  {
    "level": "INFO",
    "message": "Considering C:\\LocalE\\Sdk\\ndk-bundle in SDK ndk-bundle folder"
  },
  {
    "level": "INFO",
    "message": "Considering C:\\LocalE\\Sdk\\ndk\\21.3.6528147 in SDK ndk folder"
  },
  {
    "level": "INFO",
    "message": "Considering C:\\LocalE\\Sdk\\ndk\\21.4.7075529 in SDK ndk folder"
  },
  {
    "level": "INFO",
    "message": "Considering C:\\LocalE\\Sdk\\ndk\\22.1.7171670 in SDK ndk folder"
  },
  {
    "level": "INFO",
    "message": "Considering C:\\LocalE\\Sdk\\ndk\\23.0.7599858 in SDK ndk folder"
  },
  {
    "level": "INFO",
    "message": "Considering C:\\LocalE\\Sdk\\ndk\\23.1.7779620 in SDK ndk folder"
  },
  {
    "level": "INFO",
    "message": "Rejected E:\\Sdk\\ndk by ANDROID_NDK_HOME because that location has no source.properties"
  },
  {
    "level": "INFO",
    "message": "Rejected C:\\LocalE\\Sdk\\ndk\\23.0.7599858 in SDK ndk folder because that location has no source.properties"
  },
  {
    "level": "INFO",
    "message": "No user requested version, choosing C:\\LocalE\\Sdk\\ndk\\23.1.7779620 which is version 23.1.7779620"
  }
]